<?xml version="1.0" encoding="UTF-8"?>
<!-- Generated by org.testng.reporters.JUnitReportReporter -->
<testsuite hostname="DESKTOP-H6N5IMI" failures="0" tests="1" name="com.test_scripts.Test_scripts" time="3.468" errors="0" timestamp="2024-06-19T20:38:18 IST" skipped="0">
  <testcase classname="com.test_scripts.Test_scripts" name="test1" time="3.468"/>
</testsuite> <!-- com.test_scripts.Test_scripts -->
