<?xml version="1.0" encoding="UTF-8"?>
<!-- Generated by org.testng.reporters.JUnitReportReporter -->
<testsuite hostname="DESKTOP-H6N5IMI" failures="0" tests="1" name="com.test_scripts.Test_AddEmoloyee" time="6.287" errors="0" timestamp="2024-06-20T17:59:19 IST" skipped="0">
  <testcase classname="com.test_scripts.Test_AddEmoloyee" name="test_addEmployee" time="6.287"/>
</testsuite> <!-- com.test_scripts.Test_AddEmoloyee -->
