<?xml version="1.0" encoding="UTF-8"?>
<!-- Generated by org.testng.reporters.JUnitReportReporter -->
<testsuite hostname="DESKTOP-H6N5IMI" failures="0" tests="1" name="com.test_scripts.TC_002" time="20.823" errors="0" timestamp="2024-06-21T15:13:56 IST" skipped="0">
  <testcase classname="com.test_scripts.TC_002" name="test_01" time="20.823"/>
</testsuite> <!-- com.test_scripts.TC_002 -->
