<?xml version="1.0" encoding="UTF-8"?>
<!-- Generated by org.testng.reporters.JUnitReportReporter -->
<testsuite hostname="DESKTOP-H6N5IMI" failures="0" tests="1" name="com.test_scripts.Tests" time="0.011" errors="0" timestamp="2024-06-19T20:31:44 IST" skipped="0">
  <testcase classname="com.test_scripts.Tests" name="test" time="0.011"/>
</testsuite> <!-- com.test_scripts.Tests -->
